<?xml version="1.0" encoding="UTF-8"?>
<!-- Generated by org.testng.reporters.JUnitReportReporter -->
<testsuite skipped="0" hostname="Admins-MacBook-Pro.local" name="WebAutomation.HomePageTest" tests="2" failures="0" timestamp="2020-11-01T21:51:30 IST" time="21.674" errors="0">
  <testcase name="arrowButtonsSwitchRadioButtonsValidation" time="15.319" classname="WebAutomation.HomePageTest"/>
  <system-out/>
  <testcase name="arrowButtonsSwitchRadioButtonsValidation" time="6.355" classname="WebAutomation.HomePageTest"/>
  <system-out/>
</testsuite> <!-- WebAutomation.HomePageTest -->
